Using pre-set license
Built from '2022.3/china_unity/release' branch; Version is '2022.3.3f1c1 (52938cbb626d) revision 5411724'; Using compiler version '192829333'; Build Type 'Release'
OS: 'Windows 11  (10.0.22631) 64bit CoreCountrySpecific' Language: 'zh' Physical Memory: 16087 MB
BatchMode: 1, IsHumanControllingUs: 0, StartBugReporterOnCrash: 0, Is64bit: 1, IsPro: 1

COMMAND LINE ARGUMENTS:
D:\Unity\2022.3.3f1c1\Editor\Unity.exe
-adb2
-batchMode
-noUpm
-name
AssetImportWorker0
-projectPath
E:/UnityProject/Shader_Basic
-logFile
Logs/AssetImportWorker0.log
-srvPort
50163
Successfully changed project path to: E:/UnityProject/Shader_Basic
E:/UnityProject/Shader_Basic
[UnityMemory] Configuration Parameters - Can be set up in boot.config
    "memorysetup-bucket-allocator-granularity=16"
    "memorysetup-bucket-allocator-bucket-count=8"
    "memorysetup-bucket-allocator-block-size=33554432"
    "memorysetup-bucket-allocator-block-count=8"
    "memorysetup-main-allocator-block-size=16777216"
    "memorysetup-thread-allocator-block-size=16777216"
    "memorysetup-gfx-main-allocator-block-size=16777216"
    "memorysetup-gfx-thread-allocator-block-size=16777216"
    "memorysetup-cache-allocator-block-size=4194304"
    "memorysetup-typetree-allocator-block-size=2097152"
    "memorysetup-profiler-bucket-allocator-granularity=16"
    "memorysetup-profiler-bucket-allocator-bucket-count=8"
    "memorysetup-profiler-bucket-allocator-block-size=33554432"
    "memorysetup-profiler-bucket-allocator-block-count=8"
    "memorysetup-profiler-allocator-block-size=16777216"
    "memorysetup-profiler-editor-allocator-block-size=1048576"
    "memorysetup-temp-allocator-size-main=16777216"
    "memorysetup-job-temp-allocator-block-size=2097152"
    "memorysetup-job-temp-allocator-block-size-background=1048576"
    "memorysetup-job-temp-allocator-reduction-small-platforms=262144"
    "memorysetup-allocator-temp-initial-block-size-main=262144"
    "memorysetup-allocator-temp-initial-block-size-worker=262144"
    "memorysetup-temp-allocator-size-background-worker=32768"
    "memorysetup-temp-allocator-size-job-worker=262144"
    "memorysetup-temp-allocator-size-preload-manager=33554432"
    "memorysetup-temp-allocator-size-nav-mesh-worker=65536"
    "memorysetup-temp-allocator-size-audio-worker=65536"
    "memorysetup-temp-allocator-size-cloud-worker=32768"
    "memorysetup-temp-allocator-size-gi-baking-worker=262144"
    "memorysetup-temp-allocator-size-gfx=262144"
Player connection [12004] Host "[IP] 192.168.138.1 [Port] 0 [Flags] 2 [Guid] 4281212151 [EditorId] 4281212151 [Version] 1048832 [Id] WindowsEditor(7,txd-pc) [Debug] 1 [PackageName] WindowsEditor [ProjectName] Editor" joined multi-casting on [225.0.0.222:54997]...

Player connection [12004] Host "[IP] 192.168.138.1 [Port] 0 [Flags] 2 [Guid] 4281212151 [EditorId] 4281212151 [Version] 1048832 [Id] WindowsEditor(7,txd-pc) [Debug] 1 [PackageName] WindowsEditor [ProjectName] Editor" joined alternative multi-casting on [225.0.0.222:34997]...

Refreshing native plugins compatible for Editor in 18.70 ms, found 3 plugins.
Preloading 0 native plugins for Editor in 0.00 ms.
Initialize engine version: 2022.3.3f1c1 (52938cbb626d)
[Subsystems] Discovering subsystems at path D:/Unity/2022.3.3f1c1/Editor/Data/Resources/UnitySubsystems
[Subsystems] Discovering subsystems at path E:/UnityProject/Shader_Basic/Assets
GfxDevice: creating device client; threaded=0; jobified=0
Direct3D:
    Version:  Direct3D 11.0 [level 11.1]
    Renderer: NVIDIA GeForce RTX 4050 Laptop GPU (ID=0x28e1)
    Vendor:   NVIDIA
    VRAM:     5921 MB
    Driver:   31.0.15.5123
Initialize mono
Mono path[0] = 'D:/Unity/2022.3.3f1c1/Editor/Data/Managed'
Mono path[1] = 'D:/Unity/2022.3.3f1c1/Editor/Data/MonoBleedingEdge/lib/mono/unityjit-win32'
Mono config path = 'D:/Unity/2022.3.3f1c1/Editor/Data/MonoBleedingEdge/etc'
Using monoOptions --debugger-agent=transport=dt_socket,embedding=1,server=y,suspend=n,address=127.0.0.1:56200
Begin MonoManager ReloadAssembly
Registering precompiled unity dll's ...
Register platform support module: D:/Unity/2022.3.3f1c1/Editor/Data/PlaybackEngines/WebGLSupport/UnityEditor.WebGL.Extensions.dll
Register platform support module: D:/Unity/2022.3.3f1c1/Editor/Data/PlaybackEngines/WindowsStandaloneSupport/UnityEditor.WindowsStandalone.Extensions.dll
Registered in 0.013633 seconds.
- Loaded All Assemblies, in  0.600 seconds
Native extension for WindowsStandalone target not found
Native extension for WebGL target not found
Mono: successfully reloaded assembly
- Finished resetting the current domain, in  0.408 seconds
Domain Reload Profiling: 1004ms
	BeginReloadAssembly (133ms)
		ExecutionOrderSort (0ms)
		DisableScriptedObjects (0ms)
		BackupInstance (0ms)
		ReleaseScriptingObjects (0ms)
		CreateAndSetChildDomain (1ms)
	RebuildCommonClasses (60ms)
	RebuildNativeTypeToScriptingClass (26ms)
	initialDomainReloadingComplete (106ms)
	LoadAllAssembliesAndSetupDomain (271ms)
		LoadAssemblies (131ms)
		RebuildTransferFunctionScriptingTraits (0ms)
		AnalyzeDomain (255ms)
			TypeCache.Refresh (254ms)
				TypeCache.ScanAssembly (234ms)
			ScanForSourceGeneratedMonoScriptInfo (1ms)
			ResolveRequiredComponents (1ms)
	FinalizeReload (409ms)
		ReleaseScriptCaches (0ms)
		RebuildScriptCaches (0ms)
		SetupLoadedEditorAssemblies (307ms)
			LogAssemblyErrors (0ms)
			InitializePlatformSupportModulesInManaged (12ms)
			SetLoadedEditorAssemblies (9ms)
			RefreshPlugins (0ms)
			BeforeProcessingInitializeOnLoad (3ms)
			ProcessInitializeOnLoadAttributes (206ms)
			ProcessInitializeOnLoadMethodAttributes (77ms)
			AfterProcessingInitializeOnLoad (0ms)
			EditorAssembliesLoaded (0ms)
		ExecutionOrderSort2 (0ms)
		AwakeInstancesAfterBackupRestoration (0ms)
========================================================================
Worker process is ready to serve import requests
Begin MonoManager ReloadAssembly
Symbol file LoadedFromMemory doesn't match image E:\UnityProject\Shader_Basic\Library\PackageCache\com.unity.visualscripting@1.8.0\Editor\VisualScripting.Core\Dependencies\YamlDotNet\Unity.VisualScripting.YamlDotNet.dll
Symbol file LoadedFromMemory doesn't match image E:\UnityProject\Shader_Basic\Library\PackageCache\com.unity.visualscripting@1.8.0\Editor\VisualScripting.Core\Dependencies\DotNetZip\Unity.VisualScripting.IonicZip.dll
- Loaded All Assemblies, in  0.943 seconds
Refreshing native plugins compatible for Editor in 4.12 ms, found 3 plugins.
Native extension for WindowsStandalone target not found
Native extension for WebGL target not found
Mono: successfully reloaded assembly
- Finished resetting the current domain, in  0.938 seconds
Domain Reload Profiling: 1878ms
	BeginReloadAssembly (169ms)
		ExecutionOrderSort (0ms)
		DisableScriptedObjects (10ms)
		BackupInstance (0ms)
		ReleaseScriptingObjects (0ms)
		CreateAndSetChildDomain (27ms)
	RebuildCommonClasses (52ms)
	RebuildNativeTypeToScriptingClass (12ms)
	initialDomainReloadingComplete (54ms)
	LoadAllAssembliesAndSetupDomain (652ms)
		LoadAssemblies (343ms)
		RebuildTransferFunctionScriptingTraits (0ms)
		AnalyzeDomain (379ms)
			TypeCache.Refresh (355ms)
				TypeCache.ScanAssembly (341ms)
			ScanForSourceGeneratedMonoScriptInfo (19ms)
			ResolveRequiredComponents (5ms)
	FinalizeReload (939ms)
		ReleaseScriptCaches (0ms)
		RebuildScriptCaches (0ms)
		SetupLoadedEditorAssemblies (720ms)
			LogAssemblyErrors (0ms)
			InitializePlatformSupportModulesInManaged (9ms)
			SetLoadedEditorAssemblies (7ms)
			RefreshPlugins (0ms)
			BeforeProcessingInitializeOnLoad (83ms)
			ProcessInitializeOnLoadAttributes (588ms)
			ProcessInitializeOnLoadMethodAttributes (27ms)
			AfterProcessingInitializeOnLoad (7ms)
			EditorAssembliesLoaded (0ms)
		ExecutionOrderSort2 (0ms)
		AwakeInstancesAfterBackupRestoration (8ms)
Launched and connected shader compiler UnityShaderCompiler.exe after 0.07 seconds
Refreshing native plugins compatible for Editor in 6.72 ms, found 3 plugins.
Preloading 0 native plugins for Editor in 0.00 ms.
Unloading 3139 Unused Serialized files (Serialized files now loaded: 0)
Unloading 32 unused Assets / (126.6 KB). Loaded Objects now: 3607.
Memory consumption went from 138.1 MB to 137.9 MB.
Total: 6.197300 ms (FindLiveObjects: 0.317800 ms CreateObjectMapping: 0.127900 ms MarkObjects: 5.436900 ms  DeleteObjects: 0.312500 ms)

AssetImportParameters requested are different than current active one (requested -> active):
  custom:container-demuxer-ogg: 62fdf1f143b41e24485cea50d1cbac27 -> 
  custom:video-decoder-ogg-theora: a1e56fd34408186e4bbccfd4996cb3dc -> 
  custom:framework-win-MediaFoundation: 216162199b28c13a410421893ffa2e32 -> 
  custom:container-demuxer-webm: 4f35f7cbe854078d1ac9338744f61a02 -> 
  custom:container-muxer-webm: aa71ff27fc2769a1b78a27578f13a17b -> 
  custom:video-decoder-webm-vp8: 9c59270c3fd7afecdb556c50c9e8de78 -> 
  custom:AudioImporter_EditorPlatform: d09bf68614088b80899f8185d706f6e7 -> 
  custom:video-encoder-webm-vp8: eb34c28f22e8b96e1ab97ce403110664 -> 
  custom:audio-decoder-ogg-vorbis: bf7c407c2cedff20999df2af8eb42d56 -> 
  custom:audio-encoder-webm-vorbis: bf7c407c2cedff20999df2af8eb42d56 -> 
========================================================================
Received Import Request.
  Time since last request: 366.093601 seconds.
  path: Assets/Shaders/Chapter17/Chapter17-NormalExtrusion.shader
  artifactKey: Guid(c6f6969bfb8f57f42829f0128a9cfb77) Importer(815301076,1909f56bfc062723c751e8b465ee728b)
Start importing Assets/Shaders/Chapter17/Chapter17-NormalExtrusion.shader using Guid(c6f6969bfb8f57f42829f0128a9cfb77) Importer(815301076,1909f56bfc062723c751e8b465ee728b)  -> (artifact id: 'c108e70ed6aae539ee89a72c843120bf') in 0.029072 seconds
Number of updated asset objects reloaded before import = 0
Number of asset objects unloaded after import = 0
========================================================================
Received Import Request.
  Time since last request: 1112.735719 seconds.
  path: Assets/Shaders/Chapter17/Chapter17-NormalExtrusion.shader
  artifactKey: Guid(c6f6969bfb8f57f42829f0128a9cfb77) Importer(815301076,1909f56bfc062723c751e8b465ee728b)
Start importing Assets/Shaders/Chapter17/Chapter17-NormalExtrusion.shader using Guid(c6f6969bfb8f57f42829f0128a9cfb77) Importer(815301076,1909f56bfc062723c751e8b465ee728b)  -> (artifact id: 'cf32164c18a55b5aa085c7f3d396b2d3') in 0.003833 seconds
Number of updated asset objects reloaded before import = 1
Number of asset objects unloaded after import = 0
========================================================================
Received Import Request.
  Time since last request: 33.291975 seconds.
  path: Assets/Shaders/Chapter17/Chapter17-NormalExtrusion.shader
  artifactKey: Guid(c6f6969bfb8f57f42829f0128a9cfb77) Importer(815301076,1909f56bfc062723c751e8b465ee728b)
Start importing Assets/Shaders/Chapter17/Chapter17-NormalExtrusion.shader using Guid(c6f6969bfb8f57f42829f0128a9cfb77) Importer(815301076,1909f56bfc062723c751e8b465ee728b)  -> (artifact id: 'e69a6f0dbb0fab68d07b8afdb4941712') in 0.001301 seconds
Number of updated asset objects reloaded before import = 1
Number of asset objects unloaded after import = 0
========================================================================
Received Import Request.
  Time since last request: 8.667186 seconds.
  path: Assets/Shaders/Chapter17/Chapter17-NormalExtrusion.shader
  artifactKey: Guid(c6f6969bfb8f57f42829f0128a9cfb77) Importer(815301076,1909f56bfc062723c751e8b465ee728b)
Start importing Assets/Shaders/Chapter17/Chapter17-NormalExtrusion.shader using Guid(c6f6969bfb8f57f42829f0128a9cfb77) Importer(815301076,1909f56bfc062723c751e8b465ee728b)  -> (artifact id: '882cbb979ddd6eeb31acd3a0f2443ec5') in 0.001710 seconds
Number of updated asset objects reloaded before import = 1
Number of asset objects unloaded after import = 0
========================================================================
Received Import Request.
  Time since last request: 9.439596 seconds.
  path: Assets/Shaders/Chapter17/Chapter17-NormalExtrusion.shader
  artifactKey: Guid(c6f6969bfb8f57f42829f0128a9cfb77) Importer(815301076,1909f56bfc062723c751e8b465ee728b)
Start importing Assets/Shaders/Chapter17/Chapter17-NormalExtrusion.shader using Guid(c6f6969bfb8f57f42829f0128a9cfb77) Importer(815301076,1909f56bfc062723c751e8b465ee728b)  -> (artifact id: '95e0f7706f1f5294bff6c8bc161ace72') in 0.001540 seconds
Number of updated asset objects reloaded before import = 1
Number of asset objects unloaded after import = 0
========================================================================
Received Import Request.
  Time since last request: 8.514984 seconds.
  path: Assets/Shaders/Chapter17/Chapter17-NormalExtrusion.shader
  artifactKey: Guid(c6f6969bfb8f57f42829f0128a9cfb77) Importer(815301076,1909f56bfc062723c751e8b465ee728b)
Start importing Assets/Shaders/Chapter17/Chapter17-NormalExtrusion.shader using Guid(c6f6969bfb8f57f42829f0128a9cfb77) Importer(815301076,1909f56bfc062723c751e8b465ee728b)  -> (artifact id: 'bb10fbd5e0ef28d10cb49432c355218d') in 0.002169 seconds
Number of updated asset objects reloaded before import = 1
Number of asset objects unloaded after import = 0
========================================================================
Received Import Request.
  Time since last request: 66.257645 seconds.
  path: Assets/Shaders/Chapter17/Chapter17-NormalExtrusion.shader
  artifactKey: Guid(c6f6969bfb8f57f42829f0128a9cfb77) Importer(815301076,1909f56bfc062723c751e8b465ee728b)
Start importing Assets/Shaders/Chapter17/Chapter17-NormalExtrusion.shader using Guid(c6f6969bfb8f57f42829f0128a9cfb77) Importer(815301076,1909f56bfc062723c751e8b465ee728b)  -> (artifact id: '494a8866c7decf4bf63870cf0150d7b0') in 0.001944 seconds
Number of updated asset objects reloaded before import = 1
Number of asset objects unloaded after import = 0
========================================================================
Received Import Request.
  Time since last request: 28.527540 seconds.
  path: Assets/Shaders/Chapter17/Chapter17-NormalExtrusion.shader
  artifactKey: Guid(c6f6969bfb8f57f42829f0128a9cfb77) Importer(815301076,1909f56bfc062723c751e8b465ee728b)
Start importing Assets/Shaders/Chapter17/Chapter17-NormalExtrusion.shader using Guid(c6f6969bfb8f57f42829f0128a9cfb77) Importer(815301076,1909f56bfc062723c751e8b465ee728b)  -> (artifact id: '82eb1dba90ee2b0aeb000fb40759f683') in 0.001764 seconds
Number of updated asset objects reloaded before import = 1
Number of asset objects unloaded after import = 0
